<ead xmlns="urn:isbn:1-931666-22-9">
</ead>
